CRITICAL - 2022-12-20 06:29:56 --> Undefined variable $systemSetting
in APPPATH\Views\retails\sales\invoice.php on line 36.
 1 APPPATH\Views\retails\sales\invoice.php(36): CodeIgniter\Debug\Exceptions->errorHandler(2, 'Undefined variable $systemSetting', 'APPPATH\\Views\\retails\\sales\\invoice.php', 36)
 2 SYSTEMPATH\View\View.php(213): include('APPPATH\\Views\\retails\\sales\\invoice.php')
 3 SYSTEMPATH\View\View.php(216): CodeIgniter\View\View->CodeIgniter\View\{closure}()
 4 SYSTEMPATH\Common.php(1142): CodeIgniter\View\View->render('retails/sales/invoice', [], true)
 5 APPPATH\Controllers\Retail_sales.php(40): view('retails/sales/invoice', [...])
 6 SYSTEMPATH\CodeIgniter.php(907): App\Controllers\Retail_sales->generatePDF('5')
 7 SYSTEMPATH\CodeIgniter.php(457): CodeIgniter\CodeIgniter->runController(Object(App\Controllers\Retail_sales))
 8 SYSTEMPATH\CodeIgniter.php(340): CodeIgniter\CodeIgniter->handleRequest(null, Object(Config\Cache), false)
 9 FCPATH\index.php(67): CodeIgniter\CodeIgniter->run()
CRITICAL - 2022-12-20 06:30:18 --> Undefined variable $systemSetting
in APPPATH\Views\retails\sales\invoice.php on line 36.
 1 APPPATH\Views\retails\sales\invoice.php(36): CodeIgniter\Debug\Exceptions->errorHandler(2, 'Undefined variable $systemSetting', 'APPPATH\\Views\\retails\\sales\\invoice.php', 36)
 2 SYSTEMPATH\View\View.php(213): include('APPPATH\\Views\\retails\\sales\\invoice.php')
 3 SYSTEMPATH\View\View.php(216): CodeIgniter\View\View->CodeIgniter\View\{closure}()
 4 SYSTEMPATH\Common.php(1142): CodeIgniter\View\View->render('retails/sales/invoice', [], true)
 5 APPPATH\Controllers\Retail_sales.php(40): view('retails/sales/invoice', [...])
 6 SYSTEMPATH\CodeIgniter.php(907): App\Controllers\Retail_sales->generatePDF('5')
 7 SYSTEMPATH\CodeIgniter.php(457): CodeIgniter\CodeIgniter->runController(Object(App\Controllers\Retail_sales))
 8 SYSTEMPATH\CodeIgniter.php(340): CodeIgniter\CodeIgniter->handleRequest(null, Object(Config\Cache), false)
 9 FCPATH\index.php(67): CodeIgniter\CodeIgniter->run()
CRITICAL - 2022-12-20 06:30:48 --> Undefined variable $logo
in APPPATH\Views\retails\sales\invoice.php on line 54.
 1 APPPATH\Views\retails\sales\invoice.php(54): CodeIgniter\Debug\Exceptions->errorHandler(2, 'Undefined variable $logo', 'APPPATH\\Views\\retails\\sales\\invoice.php', 54)
 2 SYSTEMPATH\View\View.php(213): include('APPPATH\\Views\\retails\\sales\\invoice.php')
 3 SYSTEMPATH\View\View.php(216): CodeIgniter\View\View->CodeIgniter\View\{closure}()
 4 SYSTEMPATH\Common.php(1142): CodeIgniter\View\View->render('retails/sales/invoice', [], true)
 5 APPPATH\Controllers\Retail_sales.php(41): view('retails/sales/invoice', [...])
 6 SYSTEMPATH\CodeIgniter.php(907): App\Controllers\Retail_sales->generatePDF('5')
 7 SYSTEMPATH\CodeIgniter.php(457): CodeIgniter\CodeIgniter->runController(Object(App\Controllers\Retail_sales))
 8 SYSTEMPATH\CodeIgniter.php(340): CodeIgniter\CodeIgniter->handleRequest(null, Object(Config\Cache), false)
 9 FCPATH\index.php(67): CodeIgniter\CodeIgniter->run()
CRITICAL - 2022-12-20 06:31:20 --> Function imagecreatefromwebp() not found.  Cannot convert webp image: C:\Users\User\AppData\Local\Temp\ca_E4A9.tmp.  Please install the image PHP extension.
in FCPATH\vendor\dompdf\dompdf\src\Adapter\CPDF.php on line 603.
 1 FCPATH\vendor\dompdf\dompdf\src\Adapter\CPDF.php(659): Dompdf\Adapter\CPDF->_convert_to_png('C:\\Users\\User\\AppData\\Local\\Temp\\ca_E4A9.tmp', 'webp')
 2 FCPATH\vendor\dompdf\dompdf\src\Renderer\Image.php(65): Dompdf\Adapter\CPDF->image('C:\\Users\\User\\AppData\\Local\\Temp\\ca_E4A9.tmp', 56.51574803149606, 49.01574803149606, 124.80709606299214, 83.20473070866143, 'normal')
 3 FCPATH\vendor\dompdf\dompdf\src\Renderer.php(289): Dompdf\Renderer\Image->render(Object(Dompdf\FrameDecorator\Image))
 4 FCPATH\vendor\dompdf\dompdf\src\Renderer.php(128): Dompdf\Renderer->_render_frame('image', Object(Dompdf\FrameDecorator\Image))
 5 FCPATH\vendor\dompdf\dompdf\src\Renderer.php(195): Dompdf\Renderer->render(Object(Dompdf\FrameDecorator\Image))
 6 FCPATH\vendor\dompdf\dompdf\src\Renderer.php(195): Dompdf\Renderer->render(Object(Dompdf\FrameDecorator\TableCell))
 7 FCPATH\vendor\dompdf\dompdf\src\Renderer.php(195): Dompdf\Renderer->render(Object(Dompdf\FrameDecorator\TableRow))
 8 FCPATH\vendor\dompdf\dompdf\src\Renderer.php(195): Dompdf\Renderer->render(Object(Dompdf\FrameDecorator\TableRowGroup))
 9 FCPATH\vendor\dompdf\dompdf\src\Renderer.php(195): Dompdf\Renderer->render(Object(Dompdf\FrameDecorator\Table))
10 FCPATH\vendor\dompdf\dompdf\src\FrameReflower\Page.php(149): Dompdf\Renderer->render(Object(Dompdf\FrameDecorator\Block))
11 FCPATH\vendor\dompdf\dompdf\src\FrameDecorator\AbstractFrameDecorator.php(913): Dompdf\FrameReflower\Page->reflow(null)
12 FCPATH\vendor\dompdf\dompdf\src\Dompdf.php(765): Dompdf\FrameDecorator\AbstractFrameDecorator->reflow()
13 APPPATH\Controllers\Retail_sales.php(49): Dompdf\Dompdf->render()
14 SYSTEMPATH\CodeIgniter.php(907): App\Controllers\Retail_sales->generatePDF('5')
15 SYSTEMPATH\CodeIgniter.php(457): CodeIgniter\CodeIgniter->runController(Object(App\Controllers\Retail_sales))
16 SYSTEMPATH\CodeIgniter.php(340): CodeIgniter\CodeIgniter->handleRequest(null, Object(Config\Cache), false)
17 FCPATH\index.php(67): CodeIgniter\CodeIgniter->run()
