CRITICAL - 2022-12-12 07:18:34 --> Function imagecreatefromwebp() not found.  Cannot convert webp image: C:\Users\User\AppData\Local\Temp\ca_4EB4.tmp.  Please install the image PHP extension.
in FCPATH\vendor\dompdf\dompdf\src\Adapter\CPDF.php on line 603.
 1 FCPATH\vendor\dompdf\dompdf\src\Adapter\CPDF.php(659): Dompdf\Adapter\CPDF->_convert_to_png('C:\\Users\\User\\AppData\\Local\\Temp\\ca_4EB4.tmp', 'webp')
 2 FCPATH\vendor\dompdf\dompdf\src\Renderer\Image.php(65): Dompdf\Adapter\CPDF->image('C:\\Users\\User\\AppData\\Local\\Temp\\ca_4EB4.tmp', 40.01574803149606, 40.01574803149606, 135.33709606299212, 90.22473070866141, 'normal')
 3 FCPATH\vendor\dompdf\dompdf\src\Renderer.php(289): Dompdf\Renderer\Image->render(Object(Dompdf\FrameDecorator\Image))
 4 FCPATH\vendor\dompdf\dompdf\src\Renderer.php(128): Dompdf\Renderer->_render_frame('image', Object(Dompdf\FrameDecorator\Image))
 5 FCPATH\vendor\dompdf\dompdf\src\Renderer.php(195): Dompdf\Renderer->render(Object(Dompdf\FrameDecorator\Image))
 6 FCPATH\vendor\dompdf\dompdf\src\Renderer.php(195): Dompdf\Renderer->render(Object(Dompdf\FrameDecorator\TableCell))
 7 FCPATH\vendor\dompdf\dompdf\src\Renderer.php(195): Dompdf\Renderer->render(Object(Dompdf\FrameDecorator\TableRow))
 8 FCPATH\vendor\dompdf\dompdf\src\Renderer.php(195): Dompdf\Renderer->render(Object(Dompdf\FrameDecorator\TableRowGroup))
 9 FCPATH\vendor\dompdf\dompdf\src\Renderer.php(195): Dompdf\Renderer->render(Object(Dompdf\FrameDecorator\Table))
10 FCPATH\vendor\dompdf\dompdf\src\FrameReflower\Page.php(149): Dompdf\Renderer->render(Object(Dompdf\FrameDecorator\Block))
11 FCPATH\vendor\dompdf\dompdf\src\FrameDecorator\AbstractFrameDecorator.php(913): Dompdf\FrameReflower\Page->reflow(null)
12 FCPATH\vendor\dompdf\dompdf\src\Dompdf.php(765): Dompdf\FrameDecorator\AbstractFrameDecorator->reflow()
13 APPPATH\Controllers\Retail_report.php(306): Dompdf\Dompdf->render()
14 SYSTEMPATH\CodeIgniter.php(907): App\Controllers\Retail_report->summary_pdf()
15 SYSTEMPATH\CodeIgniter.php(457): CodeIgniter\CodeIgniter->runController(Object(App\Controllers\Retail_report))
16 SYSTEMPATH\CodeIgniter.php(340): CodeIgniter\CodeIgniter->handleRequest(null, Object(Config\Cache), false)
17 FCPATH\index.php(67): CodeIgniter\CodeIgniter->run()
CRITICAL - 2022-12-12 07:19:54 --> Function imagecreatefromwebp() not found.  Cannot convert webp image: C:\Users\User\AppData\Local\Temp\ca_87CD.tmp.  Please install the image PHP extension.
in FCPATH\vendor\dompdf\dompdf\src\Adapter\CPDF.php on line 603.
 1 FCPATH\vendor\dompdf\dompdf\src\Adapter\CPDF.php(659): Dompdf\Adapter\CPDF->_convert_to_png('C:\\Users\\User\\AppData\\Local\\Temp\\ca_87CD.tmp', 'webp')
 2 FCPATH\vendor\dompdf\dompdf\src\Renderer\Image.php(65): Dompdf\Adapter\CPDF->image('C:\\Users\\User\\AppData\\Local\\Temp\\ca_87CD.tmp', 40.01574803149606, 40.01574803149606, 135.33709606299212, 90.22473070866141, 'normal')
 3 FCPATH\vendor\dompdf\dompdf\src\Renderer.php(289): Dompdf\Renderer\Image->render(Object(Dompdf\FrameDecorator\Image))
 4 FCPATH\vendor\dompdf\dompdf\src\Renderer.php(128): Dompdf\Renderer->_render_frame('image', Object(Dompdf\FrameDecorator\Image))
 5 FCPATH\vendor\dompdf\dompdf\src\Renderer.php(195): Dompdf\Renderer->render(Object(Dompdf\FrameDecorator\Image))
 6 FCPATH\vendor\dompdf\dompdf\src\Renderer.php(195): Dompdf\Renderer->render(Object(Dompdf\FrameDecorator\TableCell))
 7 FCPATH\vendor\dompdf\dompdf\src\Renderer.php(195): Dompdf\Renderer->render(Object(Dompdf\FrameDecorator\TableRow))
 8 FCPATH\vendor\dompdf\dompdf\src\Renderer.php(195): Dompdf\Renderer->render(Object(Dompdf\FrameDecorator\TableRowGroup))
 9 FCPATH\vendor\dompdf\dompdf\src\Renderer.php(195): Dompdf\Renderer->render(Object(Dompdf\FrameDecorator\Table))
10 FCPATH\vendor\dompdf\dompdf\src\FrameReflower\Page.php(149): Dompdf\Renderer->render(Object(Dompdf\FrameDecorator\Block))
11 FCPATH\vendor\dompdf\dompdf\src\FrameDecorator\AbstractFrameDecorator.php(913): Dompdf\FrameReflower\Page->reflow(null)
12 FCPATH\vendor\dompdf\dompdf\src\Dompdf.php(765): Dompdf\FrameDecorator\AbstractFrameDecorator->reflow()
13 APPPATH\Controllers\Retail_report.php(306): Dompdf\Dompdf->render()
14 SYSTEMPATH\CodeIgniter.php(907): App\Controllers\Retail_report->summary_pdf()
15 SYSTEMPATH\CodeIgniter.php(457): CodeIgniter\CodeIgniter->runController(Object(App\Controllers\Retail_report))
16 SYSTEMPATH\CodeIgniter.php(340): CodeIgniter\CodeIgniter->handleRequest(null, Object(Config\Cache), false)
17 FCPATH\index.php(67): CodeIgniter\CodeIgniter->run()
CRITICAL - 2022-12-12 07:20:50 --> Function imagecreatefromwebp() not found.  Cannot convert webp image: C:\Users\User\AppData\Local\Temp\ca_60C8.tmp.  Please install the image PHP extension.
in FCPATH\vendor\dompdf\dompdf\src\Adapter\CPDF.php on line 603.
 1 FCPATH\vendor\dompdf\dompdf\src\Adapter\CPDF.php(659): Dompdf\Adapter\CPDF->_convert_to_png('C:\\Users\\User\\AppData\\Local\\Temp\\ca_60C8.tmp', 'webp')
 2 FCPATH\vendor\dompdf\dompdf\src\Renderer\Image.php(65): Dompdf\Adapter\CPDF->image('C:\\Users\\User\\AppData\\Local\\Temp\\ca_60C8.tmp', 40.01574803149606, 40.01574803149606, 135.33709606299212, 90.22473070866141, 'normal')
 3 FCPATH\vendor\dompdf\dompdf\src\Renderer.php(289): Dompdf\Renderer\Image->render(Object(Dompdf\FrameDecorator\Image))
 4 FCPATH\vendor\dompdf\dompdf\src\Renderer.php(128): Dompdf\Renderer->_render_frame('image', Object(Dompdf\FrameDecorator\Image))
 5 FCPATH\vendor\dompdf\dompdf\src\Renderer.php(195): Dompdf\Renderer->render(Object(Dompdf\FrameDecorator\Image))
 6 FCPATH\vendor\dompdf\dompdf\src\Renderer.php(195): Dompdf\Renderer->render(Object(Dompdf\FrameDecorator\TableCell))
 7 FCPATH\vendor\dompdf\dompdf\src\Renderer.php(195): Dompdf\Renderer->render(Object(Dompdf\FrameDecorator\TableRow))
 8 FCPATH\vendor\dompdf\dompdf\src\Renderer.php(195): Dompdf\Renderer->render(Object(Dompdf\FrameDecorator\TableRowGroup))
 9 FCPATH\vendor\dompdf\dompdf\src\Renderer.php(195): Dompdf\Renderer->render(Object(Dompdf\FrameDecorator\Table))
10 FCPATH\vendor\dompdf\dompdf\src\FrameReflower\Page.php(149): Dompdf\Renderer->render(Object(Dompdf\FrameDecorator\Block))
11 FCPATH\vendor\dompdf\dompdf\src\FrameDecorator\AbstractFrameDecorator.php(913): Dompdf\FrameReflower\Page->reflow(null)
12 FCPATH\vendor\dompdf\dompdf\src\Dompdf.php(765): Dompdf\FrameDecorator\AbstractFrameDecorator->reflow()
13 APPPATH\Controllers\Retail_report.php(306): Dompdf\Dompdf->render()
14 SYSTEMPATH\CodeIgniter.php(907): App\Controllers\Retail_report->summary_pdf()
15 SYSTEMPATH\CodeIgniter.php(457): CodeIgniter\CodeIgniter->runController(Object(App\Controllers\Retail_report))
16 SYSTEMPATH\CodeIgniter.php(340): CodeIgniter\CodeIgniter->handleRequest(null, Object(Config\Cache), false)
17 FCPATH\index.php(67): CodeIgniter\CodeIgniter->run()
CRITICAL - 2022-12-12 07:23:31 --> Maximum execution time of 120 seconds exceeded
in SYSTEMPATH\Session\Handlers\FileHandler.php on line 135.
 1 [internal function]: CodeIgniter\Debug\Exceptions->shutdownHandler()
