CRITICAL - 2022-12-13 06:03:01 --> Undefined array key "total_sale"
in APPPATH\Views\online\report\summary.php on line 109.
 1 APPPATH\Views\online\report\summary.php(109): CodeIgniter\Debug\Exceptions->errorHandler(2, 'Undefined array key "total_sale"', 'APPPATH\\Views\\online\\report\\summary.php', 109)
 2 SYSTEMPATH\View\View.php(213): include('APPPATH\\Views\\online\\report\\summary.php')
 3 SYSTEMPATH\View\View.php(216): CodeIgniter\View\View->CodeIgniter\View\{closure}()
 4 SYSTEMPATH\Common.php(1142): CodeIgniter\View\View->render('online/report/summary', [], true)
 5 APPPATH\Controllers\Online_report.php(52): view('online/report/summary', [...])
 6 SYSTEMPATH\CodeIgniter.php(907): App\Controllers\Online_report->summary()
 7 SYSTEMPATH\CodeIgniter.php(457): CodeIgniter\CodeIgniter->runController(Object(App\Controllers\Online_report))
 8 SYSTEMPATH\CodeIgniter.php(340): CodeIgniter\CodeIgniter->handleRequest(null, Object(Config\Cache), false)
 9 FCPATH\index.php(67): CodeIgniter\CodeIgniter->run()
CRITICAL - 2022-12-13 07:58:28 --> Undefined array key "total_sale"
in APPPATH\Views\online\report\summary.php on line 109.
 1 APPPATH\Views\online\report\summary.php(109): CodeIgniter\Debug\Exceptions->errorHandler(2, 'Undefined array key "total_sale"', 'APPPATH\\Views\\online\\report\\summary.php', 109)
 2 SYSTEMPATH\View\View.php(213): include('APPPATH\\Views\\online\\report\\summary.php')
 3 SYSTEMPATH\View\View.php(216): CodeIgniter\View\View->CodeIgniter\View\{closure}()
 4 SYSTEMPATH\Common.php(1142): CodeIgniter\View\View->render('online/report/summary', [], true)
 5 APPPATH\Controllers\Online_report.php(52): view('online/report/summary', [...])
 6 SYSTEMPATH\CodeIgniter.php(907): App\Controllers\Online_report->summary()
 7 SYSTEMPATH\CodeIgniter.php(457): CodeIgniter\CodeIgniter->runController(Object(App\Controllers\Online_report))
 8 SYSTEMPATH\CodeIgniter.php(340): CodeIgniter\CodeIgniter->handleRequest(null, Object(Config\Cache), false)
 9 FCPATH\index.php(67): CodeIgniter\CodeIgniter->run()
