CRITICAL - 2022-12-05 08:47:04 --> Undefined variable $paymentModel
in APPPATH\Controllers\Retail_report.php on line 184.
 1 APPPATH\Controllers\Retail_report.php(184): CodeIgniter\Debug\Exceptions->errorHandler(2, 'Undefined variable $paymentModel', 'APPPATH\\Controllers\\Retail_report.php', 184)
 2 SYSTEMPATH\CodeIgniter.php(907): App\Controllers\Retail_report->summary_pdf()
 3 SYSTEMPATH\CodeIgniter.php(457): CodeIgniter\CodeIgniter->runController(Object(App\Controllers\Retail_report))
 4 SYSTEMPATH\CodeIgniter.php(340): CodeIgniter\CodeIgniter->handleRequest(null, Object(Config\Cache), false)
 5 FCPATH\index.php(67): CodeIgniter\CodeIgniter->run()
CRITICAL - 2022-12-05 08:47:21 --> Undefined variable $totalSale
in APPPATH\Views\retails\sales\summary_pdf.php on line 128.
 1 APPPATH\Views\retails\sales\summary_pdf.php(128): CodeIgniter\Debug\Exceptions->errorHandler(2, 'Undefined variable $totalSale', 'APPPATH\\Views\\retails\\sales\\summary_pdf.php', 128)
 2 SYSTEMPATH\View\View.php(213): include('APPPATH\\Views\\retails\\sales\\summary_pdf.php')
 3 SYSTEMPATH\View\View.php(216): CodeIgniter\View\View->CodeIgniter\View\{closure}()
 4 SYSTEMPATH\Common.php(1142): CodeIgniter\View\View->render('retails/sales/summary_pdf', [], true)
 5 APPPATH\Controllers\Retail_report.php(204): view('retails/sales/summary_pdf', [...])
 6 SYSTEMPATH\CodeIgniter.php(907): App\Controllers\Retail_report->summary_pdf()
 7 SYSTEMPATH\CodeIgniter.php(457): CodeIgniter\CodeIgniter->runController(Object(App\Controllers\Retail_report))
 8 SYSTEMPATH\CodeIgniter.php(340): CodeIgniter\CodeIgniter->handleRequest(null, Object(Config\Cache), false)
 9 FCPATH\index.php(67): CodeIgniter\CodeIgniter->run()
CRITICAL - 2022-12-05 08:47:28 --> Undefined variable $totalSale
in APPPATH\Views\retails\sales\summary_pdf.php on line 128.
 1 APPPATH\Views\retails\sales\summary_pdf.php(128): CodeIgniter\Debug\Exceptions->errorHandler(2, 'Undefined variable $totalSale', 'APPPATH\\Views\\retails\\sales\\summary_pdf.php', 128)
 2 SYSTEMPATH\View\View.php(213): include('APPPATH\\Views\\retails\\sales\\summary_pdf.php')
 3 SYSTEMPATH\View\View.php(216): CodeIgniter\View\View->CodeIgniter\View\{closure}()
 4 SYSTEMPATH\Common.php(1142): CodeIgniter\View\View->render('retails/sales/summary_pdf', [], true)
 5 APPPATH\Controllers\Retail_report.php(204): view('retails/sales/summary_pdf', [...])
 6 SYSTEMPATH\CodeIgniter.php(907): App\Controllers\Retail_report->summary_pdf()
 7 SYSTEMPATH\CodeIgniter.php(457): CodeIgniter\CodeIgniter->runController(Object(App\Controllers\Retail_report))
 8 SYSTEMPATH\CodeIgniter.php(340): CodeIgniter\CodeIgniter->handleRequest(null, Object(Config\Cache), false)
 9 FCPATH\index.php(67): CodeIgniter\CodeIgniter->run()
CRITICAL - 2022-12-05 08:47:35 --> Undefined variable $totalSale
in APPPATH\Views\retails\sales\summary_pdf.php on line 128.
 1 APPPATH\Views\retails\sales\summary_pdf.php(128): CodeIgniter\Debug\Exceptions->errorHandler(2, 'Undefined variable $totalSale', 'APPPATH\\Views\\retails\\sales\\summary_pdf.php', 128)
 2 SYSTEMPATH\View\View.php(213): include('APPPATH\\Views\\retails\\sales\\summary_pdf.php')
 3 SYSTEMPATH\View\View.php(216): CodeIgniter\View\View->CodeIgniter\View\{closure}()
 4 SYSTEMPATH\Common.php(1142): CodeIgniter\View\View->render('retails/sales/summary_pdf', [], true)
 5 APPPATH\Controllers\Retail_report.php(204): view('retails/sales/summary_pdf', [...])
 6 SYSTEMPATH\CodeIgniter.php(907): App\Controllers\Retail_report->summary_pdf()
 7 SYSTEMPATH\CodeIgniter.php(457): CodeIgniter\CodeIgniter->runController(Object(App\Controllers\Retail_report))
 8 SYSTEMPATH\CodeIgniter.php(340): CodeIgniter\CodeIgniter->handleRequest(null, Object(Config\Cache), false)
 9 FCPATH\index.php(67): CodeIgniter\CodeIgniter->run()
CRITICAL - 2022-12-05 08:48:06 --> Undefined variable $totalSale
in APPPATH\Views\retails\sales\summary_pdf.php on line 128.
 1 APPPATH\Views\retails\sales\summary_pdf.php(128): CodeIgniter\Debug\Exceptions->errorHandler(2, 'Undefined variable $totalSale', 'APPPATH\\Views\\retails\\sales\\summary_pdf.php', 128)
 2 SYSTEMPATH\View\View.php(213): include('APPPATH\\Views\\retails\\sales\\summary_pdf.php')
 3 SYSTEMPATH\View\View.php(216): CodeIgniter\View\View->CodeIgniter\View\{closure}()
 4 SYSTEMPATH\Common.php(1142): CodeIgniter\View\View->render('retails/sales/summary_pdf', [], true)
 5 APPPATH\Controllers\Retail_report.php(204): view('retails/sales/summary_pdf', [...])
 6 SYSTEMPATH\CodeIgniter.php(907): App\Controllers\Retail_report->summary_pdf()
 7 SYSTEMPATH\CodeIgniter.php(457): CodeIgniter\CodeIgniter->runController(Object(App\Controllers\Retail_report))
 8 SYSTEMPATH\CodeIgniter.php(340): CodeIgniter\CodeIgniter->handleRequest(null, Object(Config\Cache), false)
 9 FCPATH\index.php(67): CodeIgniter\CodeIgniter->run()
CRITICAL - 2022-12-05 08:48:12 --> Undefined variable $totalSale
in APPPATH\Views\retails\sales\summary_pdf.php on line 128.
 1 APPPATH\Views\retails\sales\summary_pdf.php(128): CodeIgniter\Debug\Exceptions->errorHandler(2, 'Undefined variable $totalSale', 'APPPATH\\Views\\retails\\sales\\summary_pdf.php', 128)
 2 SYSTEMPATH\View\View.php(213): include('APPPATH\\Views\\retails\\sales\\summary_pdf.php')
 3 SYSTEMPATH\View\View.php(216): CodeIgniter\View\View->CodeIgniter\View\{closure}()
 4 SYSTEMPATH\Common.php(1142): CodeIgniter\View\View->render('retails/sales/summary_pdf', [], true)
 5 APPPATH\Controllers\Retail_report.php(202): view('retails/sales/summary_pdf', [...])
 6 SYSTEMPATH\CodeIgniter.php(907): App\Controllers\Retail_report->summary_pdf()
 7 SYSTEMPATH\CodeIgniter.php(457): CodeIgniter\CodeIgniter->runController(Object(App\Controllers\Retail_report))
 8 SYSTEMPATH\CodeIgniter.php(340): CodeIgniter\CodeIgniter->handleRequest(null, Object(Config\Cache), false)
 9 FCPATH\index.php(67): CodeIgniter\CodeIgniter->run()
CRITICAL - 2022-12-05 08:48:34 --> Undefined variable $totalSale
in APPPATH\Views\retails\sales\summary_pdf.php on line 128.
 1 APPPATH\Views\retails\sales\summary_pdf.php(128): CodeIgniter\Debug\Exceptions->errorHandler(2, 'Undefined variable $totalSale', 'APPPATH\\Views\\retails\\sales\\summary_pdf.php', 128)
 2 SYSTEMPATH\View\View.php(213): include('APPPATH\\Views\\retails\\sales\\summary_pdf.php')
 3 SYSTEMPATH\View\View.php(216): CodeIgniter\View\View->CodeIgniter\View\{closure}()
 4 SYSTEMPATH\Common.php(1142): CodeIgniter\View\View->render('retails/sales/summary_pdf', [], true)
 5 APPPATH\Controllers\Retail_report.php(204): view('retails/sales/summary_pdf', [...])
 6 SYSTEMPATH\CodeIgniter.php(907): App\Controllers\Retail_report->summary_pdf()
 7 SYSTEMPATH\CodeIgniter.php(457): CodeIgniter\CodeIgniter->runController(Object(App\Controllers\Retail_report))
 8 SYSTEMPATH\CodeIgniter.php(340): CodeIgniter\CodeIgniter->handleRequest(null, Object(Config\Cache), false)
 9 FCPATH\index.php(67): CodeIgniter\CodeIgniter->run()
CRITICAL - 2022-12-05 08:48:46 --> Undefined variable $totalSale
in APPPATH\Views\retails\sales\summary_pdf.php on line 128.
 1 APPPATH\Views\retails\sales\summary_pdf.php(128): CodeIgniter\Debug\Exceptions->errorHandler(2, 'Undefined variable $totalSale', 'APPPATH\\Views\\retails\\sales\\summary_pdf.php', 128)
 2 SYSTEMPATH\View\View.php(213): include('APPPATH\\Views\\retails\\sales\\summary_pdf.php')
 3 SYSTEMPATH\View\View.php(216): CodeIgniter\View\View->CodeIgniter\View\{closure}()
 4 SYSTEMPATH\Common.php(1142): CodeIgniter\View\View->render('retails/sales/summary_pdf', [], true)
 5 APPPATH\Controllers\Retail_report.php(204): view('retails/sales/summary_pdf', [...])
 6 SYSTEMPATH\CodeIgniter.php(907): App\Controllers\Retail_report->summary_pdf()
 7 SYSTEMPATH\CodeIgniter.php(457): CodeIgniter\CodeIgniter->runController(Object(App\Controllers\Retail_report))
 8 SYSTEMPATH\CodeIgniter.php(340): CodeIgniter\CodeIgniter->handleRequest(null, Object(Config\Cache), false)
 9 FCPATH\index.php(67): CodeIgniter\CodeIgniter->run()
CRITICAL - 2022-12-05 08:48:53 --> Undefined variable $totalSale
in APPPATH\Views\retails\sales\summary_pdf.php on line 128.
 1 APPPATH\Views\retails\sales\summary_pdf.php(128): CodeIgniter\Debug\Exceptions->errorHandler(2, 'Undefined variable $totalSale', 'APPPATH\\Views\\retails\\sales\\summary_pdf.php', 128)
 2 SYSTEMPATH\View\View.php(213): include('APPPATH\\Views\\retails\\sales\\summary_pdf.php')
 3 SYSTEMPATH\View\View.php(216): CodeIgniter\View\View->CodeIgniter\View\{closure}()
 4 SYSTEMPATH\Common.php(1142): CodeIgniter\View\View->render('retails/sales/summary_pdf', [], true)
 5 APPPATH\Controllers\Retail_report.php(204): view('retails/sales/summary_pdf', [...])
 6 SYSTEMPATH\CodeIgniter.php(907): App\Controllers\Retail_report->summary_pdf()
 7 SYSTEMPATH\CodeIgniter.php(457): CodeIgniter\CodeIgniter->runController(Object(App\Controllers\Retail_report))
 8 SYSTEMPATH\CodeIgniter.php(340): CodeIgniter\CodeIgniter->handleRequest(null, Object(Config\Cache), false)
 9 FCPATH\index.php(67): CodeIgniter\CodeIgniter->run()
CRITICAL - 2022-12-05 08:49:11 --> Undefined variable $totalSale
in APPPATH\Views\retails\sales\summary_pdf.php on line 128.
 1 APPPATH\Views\retails\sales\summary_pdf.php(128): CodeIgniter\Debug\Exceptions->errorHandler(2, 'Undefined variable $totalSale', 'APPPATH\\Views\\retails\\sales\\summary_pdf.php', 128)
 2 SYSTEMPATH\View\View.php(213): include('APPPATH\\Views\\retails\\sales\\summary_pdf.php')
 3 SYSTEMPATH\View\View.php(216): CodeIgniter\View\View->CodeIgniter\View\{closure}()
 4 SYSTEMPATH\Common.php(1142): CodeIgniter\View\View->render('retails/sales/summary_pdf', [], true)
 5 APPPATH\Controllers\Retail_report.php(204): view('retails/sales/summary_pdf', [...])
 6 SYSTEMPATH\CodeIgniter.php(907): App\Controllers\Retail_report->summary_pdf()
 7 SYSTEMPATH\CodeIgniter.php(457): CodeIgniter\CodeIgniter->runController(Object(App\Controllers\Retail_report))
 8 SYSTEMPATH\CodeIgniter.php(340): CodeIgniter\CodeIgniter->handleRequest(null, Object(Config\Cache), false)
 9 FCPATH\index.php(67): CodeIgniter\CodeIgniter->run()
CRITICAL - 2022-12-05 08:50:00 --> Undefined variable $totalSale
in APPPATH\Views\retails\sales\summary_pdf.php on line 128.
 1 APPPATH\Views\retails\sales\summary_pdf.php(128): CodeIgniter\Debug\Exceptions->errorHandler(2, 'Undefined variable $totalSale', 'APPPATH\\Views\\retails\\sales\\summary_pdf.php', 128)
 2 SYSTEMPATH\View\View.php(213): include('APPPATH\\Views\\retails\\sales\\summary_pdf.php')
 3 SYSTEMPATH\View\View.php(216): CodeIgniter\View\View->CodeIgniter\View\{closure}()
 4 SYSTEMPATH\Common.php(1142): CodeIgniter\View\View->render('retails/sales/summary_pdf', [], true)
 5 APPPATH\Controllers\Retail_report.php(204): view('retails/sales/summary_pdf', [...])
 6 SYSTEMPATH\CodeIgniter.php(907): App\Controllers\Retail_report->summary_pdf()
 7 SYSTEMPATH\CodeIgniter.php(457): CodeIgniter\CodeIgniter->runController(Object(App\Controllers\Retail_report))
 8 SYSTEMPATH\CodeIgniter.php(340): CodeIgniter\CodeIgniter->handleRequest(null, Object(Config\Cache), false)
 9 FCPATH\index.php(67): CodeIgniter\CodeIgniter->run()
CRITICAL - 2022-12-05 08:53:13 --> Undefined variable $data
in APPPATH\Views\retails\sales\summary_pdf.php on line 113.
 1 APPPATH\Views\retails\sales\summary_pdf.php(113): CodeIgniter\Debug\Exceptions->errorHandler(2, 'Undefined variable $data', 'APPPATH\\Views\\retails\\sales\\summary_pdf.php', 113)
 2 SYSTEMPATH\View\View.php(213): include('APPPATH\\Views\\retails\\sales\\summary_pdf.php')
 3 SYSTEMPATH\View\View.php(216): CodeIgniter\View\View->CodeIgniter\View\{closure}()
 4 SYSTEMPATH\Common.php(1142): CodeIgniter\View\View->render('retails/sales/summary_pdf', [], true)
 5 APPPATH\Controllers\Retail_report.php(263): view('retails/sales/summary_pdf', [...])
 6 SYSTEMPATH\CodeIgniter.php(907): App\Controllers\Retail_report->summary_pdf()
 7 SYSTEMPATH\CodeIgniter.php(457): CodeIgniter\CodeIgniter->runController(Object(App\Controllers\Retail_report))
 8 SYSTEMPATH\CodeIgniter.php(340): CodeIgniter\CodeIgniter->handleRequest(null, Object(Config\Cache), false)
 9 FCPATH\index.php(67): CodeIgniter\CodeIgniter->run()
CRITICAL - 2022-12-05 08:53:36 --> Undefined variable $data
in APPPATH\Views\retails\sales\summary_pdf.php on line 113.
 1 APPPATH\Views\retails\sales\summary_pdf.php(113): CodeIgniter\Debug\Exceptions->errorHandler(2, 'Undefined variable $data', 'APPPATH\\Views\\retails\\sales\\summary_pdf.php', 113)
 2 SYSTEMPATH\View\View.php(213): include('APPPATH\\Views\\retails\\sales\\summary_pdf.php')
 3 SYSTEMPATH\View\View.php(216): CodeIgniter\View\View->CodeIgniter\View\{closure}()
 4 SYSTEMPATH\Common.php(1142): CodeIgniter\View\View->render('retails/sales/summary_pdf', [], true)
 5 APPPATH\Controllers\Retail_report.php(263): view('retails/sales/summary_pdf', [...])
 6 SYSTEMPATH\CodeIgniter.php(907): App\Controllers\Retail_report->summary_pdf()
 7 SYSTEMPATH\CodeIgniter.php(457): CodeIgniter\CodeIgniter->runController(Object(App\Controllers\Retail_report))
 8 SYSTEMPATH\CodeIgniter.php(340): CodeIgniter\CodeIgniter->handleRequest(null, Object(Config\Cache), false)
 9 FCPATH\index.php(67): CodeIgniter\CodeIgniter->run()
