CRITICAL - 2022-12-08 07:28:43 --> Undefined variable $sales
in APPPATH\Views\retails\sales\invoice.php on line 45.
 1 APPPATH\Views\retails\sales\invoice.php(45): CodeIgniter\Debug\Exceptions->errorHandler(2, 'Undefined variable $sales', 'APPPATH\\Views\\retails\\sales\\invoice.php', 45)
 2 SYSTEMPATH\View\View.php(213): include('APPPATH\\Views\\retails\\sales\\invoice.php')
 3 SYSTEMPATH\View\View.php(216): CodeIgniter\View\View->CodeIgniter\View\{closure}()
 4 SYSTEMPATH\Common.php(1142): CodeIgniter\View\View->render('retails/sales/invoice', [], true)
 5 APPPATH\Controllers\Retail_sales.php(43): view('retails/sales/invoice', [...])
 6 APPPATH\Controllers\Retail_sales.php(238): App\Controllers\Retail_sales->generatePDF('3')
 7 SYSTEMPATH\CodeIgniter.php(907): App\Controllers\Retail_sales->edit_sales()
 8 SYSTEMPATH\CodeIgniter.php(457): CodeIgniter\CodeIgniter->runController(Object(App\Controllers\Retail_sales))
 9 SYSTEMPATH\CodeIgniter.php(340): CodeIgniter\CodeIgniter->handleRequest(null, Object(Config\Cache), false)
10 FCPATH\index.php(67): CodeIgniter\CodeIgniter->run()
CRITICAL - 2022-12-08 07:39:46 --> Undefined variable $zelle
in APPPATH\Views\retails\sales\summary.php on line 155.
 1 APPPATH\Views\retails\sales\summary.php(155): CodeIgniter\Debug\Exceptions->errorHandler(2, 'Undefined variable $zelle', 'APPPATH\\Views\\retails\\sales\\summary.php', 155)
 2 SYSTEMPATH\View\View.php(213): include('APPPATH\\Views\\retails\\sales\\summary.php')
 3 SYSTEMPATH\View\View.php(216): CodeIgniter\View\View->CodeIgniter\View\{closure}()
 4 SYSTEMPATH\Common.php(1142): CodeIgniter\View\View->render('retails/sales/summary', [], true)
 5 APPPATH\Controllers\Retail_report.php(135): view('retails/sales/summary', [...])
 6 SYSTEMPATH\CodeIgniter.php(907): App\Controllers\Retail_report->summary()
 7 SYSTEMPATH\CodeIgniter.php(457): CodeIgniter\CodeIgniter->runController(Object(App\Controllers\Retail_report))
 8 SYSTEMPATH\CodeIgniter.php(340): CodeIgniter\CodeIgniter->handleRequest(null, Object(Config\Cache), false)
 9 FCPATH\index.php(67): CodeIgniter\CodeIgniter->run()
CRITICAL - 2022-12-08 07:40:21 --> Undefined variable $zelle
in APPPATH\Views\retails\sales\summary.php on line 155.
 1 APPPATH\Views\retails\sales\summary.php(155): CodeIgniter\Debug\Exceptions->errorHandler(2, 'Undefined variable $zelle', 'APPPATH\\Views\\retails\\sales\\summary.php', 155)
 2 SYSTEMPATH\View\View.php(213): include('APPPATH\\Views\\retails\\sales\\summary.php')
 3 SYSTEMPATH\View\View.php(216): CodeIgniter\View\View->CodeIgniter\View\{closure}()
 4 SYSTEMPATH\Common.php(1142): CodeIgniter\View\View->render('retails/sales/summary', [], true)
 5 APPPATH\Controllers\Retail_report.php(135): view('retails/sales/summary', [...])
 6 SYSTEMPATH\CodeIgniter.php(907): App\Controllers\Retail_report->summary()
 7 SYSTEMPATH\CodeIgniter.php(457): CodeIgniter\CodeIgniter->runController(Object(App\Controllers\Retail_report))
 8 SYSTEMPATH\CodeIgniter.php(340): CodeIgniter\CodeIgniter->handleRequest(null, Object(Config\Cache), false)
 9 FCPATH\index.php(67): CodeIgniter\CodeIgniter->run()
CRITICAL - 2022-12-08 07:40:49 --> Undefined variable $zelle
in APPPATH\Views\retails\sales\summary.php on line 155.
 1 APPPATH\Views\retails\sales\summary.php(155): CodeIgniter\Debug\Exceptions->errorHandler(2, 'Undefined variable $zelle', 'APPPATH\\Views\\retails\\sales\\summary.php', 155)
 2 SYSTEMPATH\View\View.php(213): include('APPPATH\\Views\\retails\\sales\\summary.php')
 3 SYSTEMPATH\View\View.php(216): CodeIgniter\View\View->CodeIgniter\View\{closure}()
 4 SYSTEMPATH\Common.php(1142): CodeIgniter\View\View->render('retails/sales/summary', [], true)
 5 APPPATH\Controllers\Retail_report.php(150): view('retails/sales/summary', [...])
 6 SYSTEMPATH\CodeIgniter.php(907): App\Controllers\Retail_report->summary()
 7 SYSTEMPATH\CodeIgniter.php(457): CodeIgniter\CodeIgniter->runController(Object(App\Controllers\Retail_report))
 8 SYSTEMPATH\CodeIgniter.php(340): CodeIgniter\CodeIgniter->handleRequest(null, Object(Config\Cache), false)
 9 FCPATH\index.php(67): CodeIgniter\CodeIgniter->run()
